$ python src/main.py -g all

✅ pass: the
✅ pass: rand
✅ pass: some
1 0.5 0.31
2 0.24 0.31
✅ pass: nums
a 1.38
✅ pass: syms
✅ pass: csv
68.0 455.0 151.0 100.7751937984496
({'Lbs-': 2807.0, 'Acc+': 15.5, 'Mpg+': 20.0, 'N': 398}, <map object at 0x000001AE58C49000>)
✅ pass: data
> 1.0 False
> 1.025 False
> 1.0506 False
> 1.0769 True
✅ pass: cliffs
({'Lbs-': 2807.0, 'Acc+': 15.5, 'Mpg+': 20.0, 'N': 398}, <map object at 0x000001AE58C49ED0>)
({'Lbs-': 2807.0, 'Acc+': 15.5, 'Mpg+': 20.0, 'N': 398}, <map object at 0x000001AE58C49960>)
✅ pass: clone
{'lo': 0.0, 'hi': 0.8746495688429434, 'mid': 1, 'div': 0}
✅ pass: dist
199 199
l ({'Lbs-': 3609.0, 'Acc+': 14.5, 'Mpg+': 20.0, 'N': 199}, <map object at 0x000001AE58C4A410>)
r ({'Lbs-': 2255.0, 'Acc+': 16.0, 'Mpg+': 30.0, 'N': 199}, <map object at 0x000001AE58C49F00>)
✅ pass: half
[398]({'Lbs-': 2807.0, 'Acc+': 15.5, 'Mpg+': 20.0, 'N': 398}, <map object at 0x000001AE58F37910>)
|.. [199]
|.. |.. [100]
|.. |.. |.. [50]
|.. |.. |.. |.. [25]({'Lbs-': 2110.0, 'Acc+': 16.6, 'Mpg+': 30.0, 'N': 25}, <map object at 0x000001AE58F37400>)
|.. |.. |.. |.. [25]({'Lbs-': 2279.0, 'Acc+': 16.5, 'Mpg+': 30.0, 'N': 25}, <map object at 0x000001AE58F37910>)
|.. |.. |.. [50]
|.. |.. |.. |.. [25]({'Lbs-': 2585.0, 'Acc+': 16.4, 'Mpg+': 30.0, 'N': 25}, <map object at 0x000001AE58F37400>)
|.. |.. |.. |.. [25]({'Lbs-': 2245.0, 'Acc+': 16.0, 'Mpg+': 30.0, 'N': 25}, <map object at 0x000001AE58F37910>)
|.. |.. [99]
|.. |.. |.. [50]
|.. |.. |.. |.. [25]({'Lbs-': 2254.0, 'Acc+': 16.5, 'Mpg+': 30.0, 'N': 25}, <map object at 0x000001AE58F37400>)
|.. |.. |.. |.. [25]({'Lbs-': 2600.0, 'Acc+': 15.5, 'Mpg+': 30.0, 'N': 25}, <map object at 0x000001AE58F37910>)
|.. |.. |.. [49]
|.. |.. |.. |.. [25]({'Lbs-': 2670.0, 'Acc+': 15.8, 'Mpg+': 30.0, 'N': 25}, <map object at 0x000001AE58F37400>)
|.. |.. |.. |.. [24]({'Lbs-': 2190.0, 'Acc+': 17.3, 'Mpg+': 30.0, 'N': 24}, <map object at 0x000001AE58F37910>)
|.. [199]
|.. |.. [100]
|.. |.. |.. [50]
|.. |.. |.. |.. [25]({'Lbs-': 4096.0, 'Acc+': 13.0, 'Mpg+': 10.0, 'N': 25}, <map object at 0x000001AE58F37400>)
|.. |.. |.. |.. [25]({'Lbs-': 4341.0, 'Acc+': 12.0, 'Mpg+': 10.0, 'N': 25}, <map object at 0x000001AE58F37910>)
|.. |.. |.. [50]
|.. |.. |.. |.. [25]({'Lbs-': 3940.0, 'Acc+': 13.9, 'Mpg+': 20.0, 'N': 25}, <map object at 0x000001AE58F37400>)
|.. |.. |.. |.. [25]({'Lbs-': 4464.0, 'Acc+': 13.0, 'Mpg+': 10.0, 'N': 25}, <map object at 0x000001AE58F37910>)
|.. |.. [99]
|.. |.. |.. [50]
|.. |.. |.. |.. [25]({'Lbs-': 2401.0, 'Acc+': 17.0, 'Mpg+': 30.0, 'N': 25}, <map object at 0x000001AE58F37400>)
|.. |.. |.. |.. [25]({'Lbs-': 3102.0, 'Acc+': 16.0, 'Mpg+': 20.0, 'N': 25}, <map object at 0x000001AE58F37910>)
|.. |.. |.. [49]
|.. |.. |.. |.. [25]({'Lbs-': 3365.0, 'Acc+': 16.6, 'Mpg+': 20.0, 'N': 25}, <map object at 0x000001AE58F37400>)
|.. |.. |.. |.. [24]({'Lbs-': 3459.0, 'Acc+': 17.6, 'Mpg+': 20.0, 'N': 24}, <map object at 0x000001AE58F37910>)
✅ pass: tree

all  ({'Lbs-': 2807.0, 'Acc+': 15.5, 'Mpg+': 20.0, 'N': 398}, <map object at 0x000001AE58C4AE60>)
     ({'Lbs-': 886.82, 'Acc+': 2.71, 'Mpg+': 7.75, 'N': 398}, <map object at 0x000001AE58C4B8B0>)

best ({'Lbs-': 2254.0, 'Acc+': 15.5, 'Mpg+': 30.0, 'N': 13}, <map object at 0x000001AE58C4AE60>)
     ({'Lbs-': 355.81, 'Acc+': 3.68, 'Mpg+': 3.88, 'N': 13}, <map object at 0x000001AE58C4B8B0>)

rest ({'Lbs-': 2904.0, 'Acc+': 15.6, 'Mpg+': 20.0, 'N': 52}, <map object at 0x000001AE58C4AE60>)
     ({'Lbs-': 938.76, 'Acc+': 2.75, 'Mpg+': 11.63, 'N': 52}, <map object at 0x000001AE58C4B8B0>)

all ~= best? [(True, 'Lbs-'), (True, 'Acc+'), (True, 'Mpg+')]
best ~= rest? [(True, 'Lbs-'), (False, 'Acc+'), (True, 'Mpg+')]
✅ pass: sway
all    {best= 13, rest= 52}
Clndrs -inf 3.0 0 {'rest': 1}
Clndrs 3.0 4.0 1 {'best': 13, 'rest': 30}
Clndrs 4.0 inf 0 {'rest': 21}
Volume -inf 90.0 0 {'best': 4, 'rest': 10}
Volume 90.0 111.0 1 {'best': 9, 'rest': 9}
Volume 111.0 inf 0 {'rest': 33}
Model -inf 79.0 0 {'rest': 42}
Model 79.0 81.0 0 {'best': 6, 'rest': 5}
Model 81.0 inf 0 {'best': 7, 'rest': 5}
origin 1.0 1.0 0 {'rest': 33}
origin 2.0 2.0 0 {'rest': 8}
origin 3.0 3.0 1 {'best': 13, 'rest': 11}
✅ pass: bins